

Started GET "/users" for 127.0.0.1 at 2013-12-08 18:03:55 +0200

ActiveRecord::PendingMigrationError (Migrations are pending; run 'bin/rake db:migrate RAILS_ENV=development' to resolve this issue.):
  activerecord (4.0.2) lib/active_record/migration.rb:379:in `check_pending!'
  activerecord (4.0.2) lib/active_record/migration.rb:366:in `call'
  actionpack (4.0.2) lib/action_dispatch/middleware/callbacks.rb:29:in `block in call'
  activesupport (4.0.2) lib/active_support/callbacks.rb:373:in `_run__3773727043904329383__call__callbacks'
  activesupport (4.0.2) lib/active_support/callbacks.rb:80:in `run_callbacks'
  actionpack (4.0.2) lib/action_dispatch/middleware/callbacks.rb:27:in `call'
  actionpack (4.0.2) lib/action_dispatch/middleware/reloader.rb:64:in `call'
  actionpack (4.0.2) lib/action_dispatch/middleware/remote_ip.rb:76:in `call'
  actionpack (4.0.2) lib/action_dispatch/middleware/debug_exceptions.rb:17:in `call'
  actionpack (4.0.2) lib/action_dispatch/middleware/show_exceptions.rb:30:in `call'
  railties (4.0.2) lib/rails/rack/logger.rb:38:in `call_app'
  railties (4.0.2) lib/rails/rack/logger.rb:20:in `block in call'
  activesupport (4.0.2) lib/active_support/tagged_logging.rb:67:in `block in tagged'
  activesupport (4.0.2) lib/active_support/tagged_logging.rb:25:in `tagged'
  activesupport (4.0.2) lib/active_support/tagged_logging.rb:67:in `tagged'
  railties (4.0.2) lib/rails/rack/logger.rb:20:in `call'
  actionpack (4.0.2) lib/action_dispatch/middleware/request_id.rb:21:in `call'
  rack (1.5.2) lib/rack/methodoverride.rb:21:in `call'
  rack (1.5.2) lib/rack/runtime.rb:17:in `call'
  activesupport (4.0.2) lib/active_support/cache/strategy/local_cache.rb:83:in `call'
  rack (1.5.2) lib/rack/lock.rb:17:in `call'
  actionpack (4.0.2) lib/action_dispatch/middleware/static.rb:64:in `call'
  rack (1.5.2) lib/rack/sendfile.rb:112:in `call'
  railties (4.0.2) lib/rails/engine.rb:511:in `call'
  railties (4.0.2) lib/rails/application.rb:97:in `call'
  rack (1.5.2) lib/rack/lock.rb:17:in `call'
  rack (1.5.2) lib/rack/content_length.rb:14:in `call'
  rack (1.5.2) lib/rack/handler/webrick.rb:60:in `service'
  /usr/lib64/ruby/2.0.0/webrick/httpserver.rb:138:in `service'
  /usr/lib64/ruby/2.0.0/webrick/httpserver.rb:94:in `run'
  /usr/lib64/ruby/2.0.0/webrick/server.rb:295:in `block in start_thread'


  Rendered /home/cristi/.gem/ruby/2.0.0/gems/actionpack-4.0.2/lib/action_dispatch/middleware/templates/rescues/_source.erb (0.7ms)
  Rendered /home/cristi/.gem/ruby/2.0.0/gems/actionpack-4.0.2/lib/action_dispatch/middleware/templates/rescues/_trace.erb (1.2ms)
  Rendered /home/cristi/.gem/ruby/2.0.0/gems/actionpack-4.0.2/lib/action_dispatch/middleware/templates/rescues/_request_and_response.erb (1.1ms)
  Rendered /home/cristi/.gem/ruby/2.0.0/gems/actionpack-4.0.2/lib/action_dispatch/middleware/templates/rescues/diagnostics.erb within rescues/layout (14.8ms)


Started GET "/users" for 127.0.0.1 at 2013-12-08 18:03:56 +0200

ActiveRecord::PendingMigrationError (Migrations are pending; run 'bin/rake db:migrate RAILS_ENV=development' to resolve this issue.):
  activerecord (4.0.2) lib/active_record/migration.rb:379:in `check_pending!'
  activerecord (4.0.2) lib/active_record/migration.rb:366:in `call'
  actionpack (4.0.2) lib/action_dispatch/middleware/callbacks.rb:29:in `block in call'
  activesupport (4.0.2) lib/active_support/callbacks.rb:373:in `_run__3773727043904329383__call__callbacks'
  activesupport (4.0.2) lib/active_support/callbacks.rb:80:in `run_callbacks'
  actionpack (4.0.2) lib/action_dispatch/middleware/callbacks.rb:27:in `call'
  actionpack (4.0.2) lib/action_dispatch/middleware/reloader.rb:64:in `call'
  actionpack (4.0.2) lib/action_dispatch/middleware/remote_ip.rb:76:in `call'
  actionpack (4.0.2) lib/action_dispatch/middleware/debug_exceptions.rb:17:in `call'
  actionpack (4.0.2) lib/action_dispatch/middleware/show_exceptions.rb:30:in `call'
  railties (4.0.2) lib/rails/rack/logger.rb:38:in `call_app'
  railties (4.0.2) lib/rails/rack/logger.rb:20:in `block in call'
  activesupport (4.0.2) lib/active_support/tagged_logging.rb:67:in `block in tagged'
  activesupport (4.0.2) lib/active_support/tagged_logging.rb:25:in `tagged'
  activesupport (4.0.2) lib/active_support/tagged_logging.rb:67:in `tagged'
  railties (4.0.2) lib/rails/rack/logger.rb:20:in `call'
  actionpack (4.0.2) lib/action_dispatch/middleware/request_id.rb:21:in `call'
  rack (1.5.2) lib/rack/methodoverride.rb:21:in `call'
  rack (1.5.2) lib/rack/runtime.rb:17:in `call'
  activesupport (4.0.2) lib/active_support/cache/strategy/local_cache.rb:83:in `call'
  rack (1.5.2) lib/rack/lock.rb:17:in `call'
  actionpack (4.0.2) lib/action_dispatch/middleware/static.rb:64:in `call'
  rack (1.5.2) lib/rack/sendfile.rb:112:in `call'
  railties (4.0.2) lib/rails/engine.rb:511:in `call'
  railties (4.0.2) lib/rails/application.rb:97:in `call'
  rack (1.5.2) lib/rack/lock.rb:17:in `call'
  rack (1.5.2) lib/rack/content_length.rb:14:in `call'
  rack (1.5.2) lib/rack/handler/webrick.rb:60:in `service'
  /usr/lib64/ruby/2.0.0/webrick/httpserver.rb:138:in `service'
  /usr/lib64/ruby/2.0.0/webrick/httpserver.rb:94:in `run'
  /usr/lib64/ruby/2.0.0/webrick/server.rb:295:in `block in start_thread'


  Rendered /home/cristi/.gem/ruby/2.0.0/gems/actionpack-4.0.2/lib/action_dispatch/middleware/templates/rescues/_source.erb (0.7ms)
  Rendered /home/cristi/.gem/ruby/2.0.0/gems/actionpack-4.0.2/lib/action_dispatch/middleware/templates/rescues/_trace.erb (1.2ms)
  Rendered /home/cristi/.gem/ruby/2.0.0/gems/actionpack-4.0.2/lib/action_dispatch/middleware/templates/rescues/_request_and_response.erb (1.1ms)
  Rendered /home/cristi/.gem/ruby/2.0.0/gems/actionpack-4.0.2/lib/action_dispatch/middleware/templates/rescues/diagnostics.erb within rescues/layout (13.9ms)
  [1m[36m (107.7ms)[0m  [1mCREATE TABLE "schema_migrations" ("version" varchar(255) NOT NULL) [0m
  [1m[35m (108.7ms)[0m  CREATE UNIQUE INDEX "unique_schema_migrations" ON "schema_migrations" ("version")
  [1m[36mActiveRecord::SchemaMigration Load (0.2ms)[0m  [1mSELECT "schema_migrations".* FROM "schema_migrations"[0m
Migrating to DeviseCreateUsers (20131208160212)
  [1m[35m (0.1ms)[0m  begin transaction
  [1m[36m (0.5ms)[0m  [1mCREATE TABLE "users" ("id" INTEGER PRIMARY KEY AUTOINCREMENT NOT NULL, "email" varchar(255) DEFAULT '' NOT NULL, "encrypted_password" varchar(255) DEFAULT '' NOT NULL, "reset_password_token" varchar(255), "reset_password_sent_at" datetime, "remember_created_at" datetime, "sign_in_count" integer DEFAULT 0 NOT NULL, "current_sign_in_at" datetime, "last_sign_in_at" datetime, "current_sign_in_ip" varchar(255), "last_sign_in_ip" varchar(255), "created_at" datetime, "updated_at" datetime) [0m
  [1m[35m (0.3ms)[0m  CREATE UNIQUE INDEX "index_users_on_email" ON "users" ("email")
  [1m[36m (0.2ms)[0m  [1mCREATE UNIQUE INDEX "index_users_on_reset_password_token" ON "users" ("reset_password_token")[0m
  [1m[35mSQL (0.3ms)[0m  INSERT INTO "schema_migrations" ("version") VALUES (?)  [["version", "20131208160212"]]
  [1m[36m (86.3ms)[0m  [1mcommit transaction[0m
  [1m[35mActiveRecord::SchemaMigration Load (0.2ms)[0m  SELECT "schema_migrations".* FROM "schema_migrations"


Started GET "/users" for 127.0.0.1 at 2013-12-08 18:04:23 +0200
  [1m[36mActiveRecord::SchemaMigration Load (0.2ms)[0m  [1mSELECT "schema_migrations".* FROM "schema_migrations"[0m

ActionController::RoutingError (No route matches [GET] "/users"):
  actionpack (4.0.2) lib/action_dispatch/middleware/debug_exceptions.rb:21:in `call'
  actionpack (4.0.2) lib/action_dispatch/middleware/show_exceptions.rb:30:in `call'
  railties (4.0.2) lib/rails/rack/logger.rb:38:in `call_app'
  railties (4.0.2) lib/rails/rack/logger.rb:20:in `block in call'
  activesupport (4.0.2) lib/active_support/tagged_logging.rb:67:in `block in tagged'
  activesupport (4.0.2) lib/active_support/tagged_logging.rb:25:in `tagged'
  activesupport (4.0.2) lib/active_support/tagged_logging.rb:67:in `tagged'
  railties (4.0.2) lib/rails/rack/logger.rb:20:in `call'
  actionpack (4.0.2) lib/action_dispatch/middleware/request_id.rb:21:in `call'
  rack (1.5.2) lib/rack/methodoverride.rb:21:in `call'
  rack (1.5.2) lib/rack/runtime.rb:17:in `call'
  activesupport (4.0.2) lib/active_support/cache/strategy/local_cache.rb:83:in `call'
  rack (1.5.2) lib/rack/lock.rb:17:in `call'
  actionpack (4.0.2) lib/action_dispatch/middleware/static.rb:64:in `call'
  rack (1.5.2) lib/rack/sendfile.rb:112:in `call'
  railties (4.0.2) lib/rails/engine.rb:511:in `call'
  railties (4.0.2) lib/rails/application.rb:97:in `call'
  rack (1.5.2) lib/rack/lock.rb:17:in `call'
  rack (1.5.2) lib/rack/content_length.rb:14:in `call'
  rack (1.5.2) lib/rack/handler/webrick.rb:60:in `service'
  /usr/lib64/ruby/2.0.0/webrick/httpserver.rb:138:in `service'
  /usr/lib64/ruby/2.0.0/webrick/httpserver.rb:94:in `run'
  /usr/lib64/ruby/2.0.0/webrick/server.rb:295:in `block in start_thread'


  Rendered /home/cristi/.gem/ruby/2.0.0/gems/actionpack-4.0.2/lib/action_dispatch/middleware/templates/rescues/_trace.erb (1.2ms)
  Rendered /home/cristi/.gem/ruby/2.0.0/gems/actionpack-4.0.2/lib/action_dispatch/middleware/templates/routes/_route.html.erb (2.0ms)
  Rendered /home/cristi/.gem/ruby/2.0.0/gems/actionpack-4.0.2/lib/action_dispatch/middleware/templates/routes/_table.html.erb (3.7ms)
  Rendered /home/cristi/.gem/ruby/2.0.0/gems/actionpack-4.0.2/lib/action_dispatch/middleware/templates/rescues/routing_error.erb within rescues/layout (24.9ms)


Started GET "/users/sign_in" for 127.0.0.1 at 2013-12-08 18:04:35 +0200
Processing by Devise::SessionsController#new as HTML
  Rendered /home/cristi/.gem/ruby/2.0.0/gems/devise-3.2.2/app/views/devise/shared/_links.erb (2.2ms)
  Rendered /home/cristi/.gem/ruby/2.0.0/gems/devise-3.2.2/app/views/devise/sessions/new.html.erb within layouts/application (164.6ms)
Completed 200 OK in 551ms (Views: 507.7ms | ActiveRecord: 0.5ms)


Started GET "/assets/jquery.js?body=1" for 127.0.0.1 at 2013-12-08 18:04:35 +0200


Started GET "/assets/jquery_ujs.js?body=1" for 127.0.0.1 at 2013-12-08 18:04:35 +0200


Started GET "/assets/application.css?body=1" for 127.0.0.1 at 2013-12-08 18:04:35 +0200


Started GET "/assets/turbolinks.js?body=1" for 127.0.0.1 at 2013-12-08 18:04:35 +0200


Started GET "/assets/application.js?body=1" for 127.0.0.1 at 2013-12-08 18:04:35 +0200


Started GET "/" for 127.0.0.1 at 2013-12-08 18:08:45 +0200
  [1m[36mActiveRecord::SchemaMigration Load (0.2ms)[0m  [1mSELECT "schema_migrations".* FROM "schema_migrations"[0m
Processing by HomeController#index as HTML
  Rendered home/index.html.erb within layouts/application (1.2ms)
Completed 200 OK in 351ms (Views: 333.9ms | ActiveRecord: 0.0ms)


Started GET "/assets/dashboard.css?body=1" for 127.0.0.1 at 2013-12-08 18:08:46 +0200


Started GET "/assets/home.css?body=1" for 127.0.0.1 at 2013-12-08 18:08:46 +0200


Started GET "/assets/dashboard.js?body=1" for 127.0.0.1 at 2013-12-08 18:08:46 +0200


Started GET "/assets/home.js?body=1" for 127.0.0.1 at 2013-12-08 18:08:46 +0200


Started GET "/assets/application.css?body=1" for 127.0.0.1 at 2013-12-08 18:08:46 +0200


Started GET "/assets/jquery.js?body=1" for 127.0.0.1 at 2013-12-08 18:08:46 +0200


Started GET "/assets/jquery_ujs.js?body=1" for 127.0.0.1 at 2013-12-08 18:08:46 +0200


Started GET "/assets/turbolinks.js?body=1" for 127.0.0.1 at 2013-12-08 18:08:46 +0200


Started GET "/assets/application.js?body=1" for 127.0.0.1 at 2013-12-08 18:08:46 +0200


Started GET "/" for 127.0.0.1 at 2013-12-08 18:08:47 +0200
Processing by HomeController#index as HTML
  Rendered home/index.html.erb within layouts/application (0.1ms)
Completed 200 OK in 6ms (Views: 4.8ms | ActiveRecord: 0.0ms)


Started GET "/assets/application.css?body=1" for 127.0.0.1 at 2013-12-08 18:08:47 +0200


Started GET "/assets/dashboard.css?body=1" for 127.0.0.1 at 2013-12-08 18:08:47 +0200


Started GET "/assets/home.css?body=1" for 127.0.0.1 at 2013-12-08 18:08:47 +0200


Started GET "/assets/turbolinks.js?body=1" for 127.0.0.1 at 2013-12-08 18:08:47 +0200


Started GET "/assets/jquery.js?body=1" for 127.0.0.1 at 2013-12-08 18:08:47 +0200


Started GET "/assets/jquery_ujs.js?body=1" for 127.0.0.1 at 2013-12-08 18:08:47 +0200


Started GET "/assets/dashboard.js?body=1" for 127.0.0.1 at 2013-12-08 18:08:47 +0200


Started GET "/assets/home.js?body=1" for 127.0.0.1 at 2013-12-08 18:08:47 +0200


Started GET "/assets/application.js?body=1" for 127.0.0.1 at 2013-12-08 18:08:47 +0200


Started GET "/users" for 127.0.0.1 at 2013-12-08 18:08:52 +0200

ActionController::RoutingError (No route matches [GET] "/users"):
  actionpack (4.0.2) lib/action_dispatch/middleware/debug_exceptions.rb:21:in `call'
  actionpack (4.0.2) lib/action_dispatch/middleware/show_exceptions.rb:30:in `call'
  railties (4.0.2) lib/rails/rack/logger.rb:38:in `call_app'
  railties (4.0.2) lib/rails/rack/logger.rb:20:in `block in call'
  activesupport (4.0.2) lib/active_support/tagged_logging.rb:67:in `block in tagged'
  activesupport (4.0.2) lib/active_support/tagged_logging.rb:25:in `tagged'
  activesupport (4.0.2) lib/active_support/tagged_logging.rb:67:in `tagged'
  railties (4.0.2) lib/rails/rack/logger.rb:20:in `call'
  actionpack (4.0.2) lib/action_dispatch/middleware/request_id.rb:21:in `call'
  rack (1.5.2) lib/rack/methodoverride.rb:21:in `call'
  rack (1.5.2) lib/rack/runtime.rb:17:in `call'
  activesupport (4.0.2) lib/active_support/cache/strategy/local_cache.rb:83:in `call'
  rack (1.5.2) lib/rack/lock.rb:17:in `call'
  actionpack (4.0.2) lib/action_dispatch/middleware/static.rb:64:in `call'
  rack (1.5.2) lib/rack/sendfile.rb:112:in `call'
  railties (4.0.2) lib/rails/engine.rb:511:in `call'
  railties (4.0.2) lib/rails/application.rb:97:in `call'
  rack (1.5.2) lib/rack/lock.rb:17:in `call'
  rack (1.5.2) lib/rack/content_length.rb:14:in `call'
  rack (1.5.2) lib/rack/handler/webrick.rb:60:in `service'
  /usr/lib64/ruby/2.0.0/webrick/httpserver.rb:138:in `service'
  /usr/lib64/ruby/2.0.0/webrick/httpserver.rb:94:in `run'
  /usr/lib64/ruby/2.0.0/webrick/server.rb:295:in `block in start_thread'


  Rendered /home/cristi/.gem/ruby/2.0.0/gems/actionpack-4.0.2/lib/action_dispatch/middleware/templates/rescues/_trace.erb (1.3ms)
  Rendered /home/cristi/.gem/ruby/2.0.0/gems/actionpack-4.0.2/lib/action_dispatch/middleware/templates/routes/_route.html.erb (3.1ms)
  Rendered /home/cristi/.gem/ruby/2.0.0/gems/actionpack-4.0.2/lib/action_dispatch/middleware/templates/routes/_table.html.erb (4.3ms)
  Rendered /home/cristi/.gem/ruby/2.0.0/gems/actionpack-4.0.2/lib/action_dispatch/middleware/templates/rescues/routing_error.erb within rescues/layout (68.2ms)


Started GET "/users/sign_in" for 127.0.0.1 at 2013-12-08 18:08:59 +0200
Processing by Devise::SessionsController#new as HTML
  Rendered /home/cristi/.gem/ruby/2.0.0/gems/devise-3.2.2/app/views/devise/shared/_links.erb (2.2ms)
  Rendered /home/cristi/.gem/ruby/2.0.0/gems/devise-3.2.2/app/views/devise/sessions/new.html.erb within layouts/application (19.0ms)
Completed 200 OK in 49ms (Views: 24.6ms | ActiveRecord: 0.7ms)


Started GET "/assets/home.css?body=1" for 127.0.0.1 at 2013-12-08 18:08:59 +0200


Started GET "/assets/application.css?body=1" for 127.0.0.1 at 2013-12-08 18:08:59 +0200


Started GET "/assets/jquery_ujs.js?body=1" for 127.0.0.1 at 2013-12-08 18:08:59 +0200


Started GET "/assets/dashboard.css?body=1" for 127.0.0.1 at 2013-12-08 18:08:59 +0200


Started GET "/assets/turbolinks.js?body=1" for 127.0.0.1 at 2013-12-08 18:08:59 +0200


Started GET "/assets/jquery.js?body=1" for 127.0.0.1 at 2013-12-08 18:08:59 +0200


Started GET "/assets/dashboard.js?body=1" for 127.0.0.1 at 2013-12-08 18:08:59 +0200


Started GET "/assets/home.js?body=1" for 127.0.0.1 at 2013-12-08 18:08:59 +0200


Started GET "/assets/application.js?body=1" for 127.0.0.1 at 2013-12-08 18:08:59 +0200


Started GET "/" for 127.0.0.1 at 2013-12-08 18:21:20 +0200
  [1m[36mActiveRecord::SchemaMigration Load (0.2ms)[0m  [1mSELECT "schema_migrations".* FROM "schema_migrations"[0m
Processing by HomeController#index as HTML
  Rendered home/index.html.erb within layouts/application (1.1ms)
Completed 200 OK in 83ms (Views: 65.7ms | ActiveRecord: 0.0ms)


Started GET "/assets/dashboard.css?body=1" for 127.0.0.1 at 2013-12-08 18:21:21 +0200


Started GET "/assets/application.css?body=1" for 127.0.0.1 at 2013-12-08 18:21:21 +0200


Started GET "/assets/turbolinks.js?body=1" for 127.0.0.1 at 2013-12-08 18:21:21 +0200


Started GET "/assets/jquery.js?body=1" for 127.0.0.1 at 2013-12-08 18:21:21 +0200


Started GET "/assets/home.css?body=1" for 127.0.0.1 at 2013-12-08 18:21:21 +0200


Started GET "/assets/jquery_ujs.js?body=1" for 127.0.0.1 at 2013-12-08 18:21:21 +0200


Started GET "/assets/dashboard.js?body=1" for 127.0.0.1 at 2013-12-08 18:21:21 +0200


Started GET "/assets/home.js?body=1" for 127.0.0.1 at 2013-12-08 18:21:21 +0200


Started GET "/assets/application.js?body=1" for 127.0.0.1 at 2013-12-08 18:21:21 +0200


Started GET "/" for 127.0.0.1 at 2013-12-08 18:21:21 +0200
Processing by HomeController#index as HTML
  Rendered home/index.html.erb within layouts/application (0.1ms)
Completed 200 OK in 7ms (Views: 5.8ms | ActiveRecord: 0.0ms)


Started GET "/assets/turbolinks.js?body=1" for 127.0.0.1 at 2013-12-08 18:21:21 +0200


Started GET "/assets/home.css?body=1" for 127.0.0.1 at 2013-12-08 18:21:21 +0200


Started GET "/assets/dashboard.css?body=1" for 127.0.0.1 at 2013-12-08 18:21:21 +0200


Started GET "/assets/jquery.js?body=1" for 127.0.0.1 at 2013-12-08 18:21:21 +0200


Started GET "/assets/application.css?body=1" for 127.0.0.1 at 2013-12-08 18:21:21 +0200


Started GET "/assets/jquery_ujs.js?body=1" for 127.0.0.1 at 2013-12-08 18:21:21 +0200


Started GET "/assets/dashboard.js?body=1" for 127.0.0.1 at 2013-12-08 18:21:21 +0200


Started GET "/assets/application.js?body=1" for 127.0.0.1 at 2013-12-08 18:21:21 +0200


Started GET "/assets/home.js?body=1" for 127.0.0.1 at 2013-12-08 18:21:21 +0200


Started GET "/" for 127.0.0.1 at 2013-12-08 18:21:27 +0200
Processing by HomeController#index as HTML
  Rendered home/index.html.erb within layouts/application (0.4ms)
Completed 200 OK in 7ms (Views: 5.8ms | ActiveRecord: 0.0ms)


Started GET "/users/sign_up" for 127.0.0.1 at 2013-12-08 18:21:28 +0200
Processing by Devise::RegistrationsController#new as HTML
  Rendered /home/cristi/.gem/ruby/2.0.0/gems/devise-3.2.2/app/views/devise/shared/_links.erb (1.7ms)
  Rendered /home/cristi/.gem/ruby/2.0.0/gems/devise-3.2.2/app/views/devise/registrations/new.html.erb within layouts/application (66.0ms)
Completed 200 OK in 83ms (Views: 71.8ms | ActiveRecord: 0.6ms)


Started DELETE "/users/sign_out" for 127.0.0.1 at 2013-12-08 18:21:29 +0200
Processing by Devise::SessionsController#destroy as HTML
  Parameters: {"authenticity_token"=>"RSqBPeeKvYb/PU6+9xVONFH2Faw0/GgE/9NnLiZAtPo="}
Redirected to http://localhost:3000/
Completed 302 Found in 5ms (ActiveRecord: 0.0ms)


Started GET "/" for 127.0.0.1 at 2013-12-08 18:21:29 +0200
Processing by HomeController#index as HTML
  Rendered home/index.html.erb within layouts/application (0.1ms)
Completed 200 OK in 6ms (Views: 5.0ms | ActiveRecord: 0.0ms)


Started GET "/assets/application.css?body=1" for 127.0.0.1 at 2013-12-08 18:21:29 +0200


Started GET "/assets/dashboard.css?body=1" for 127.0.0.1 at 2013-12-08 18:21:30 +0200


Started GET "/assets/turbolinks.js?body=1" for 127.0.0.1 at 2013-12-08 18:21:30 +0200


Started GET "/assets/home.css?body=1" for 127.0.0.1 at 2013-12-08 18:21:30 +0200


Started GET "/assets/jquery.js?body=1" for 127.0.0.1 at 2013-12-08 18:21:30 +0200


Started GET "/assets/jquery_ujs.js?body=1" for 127.0.0.1 at 2013-12-08 18:21:30 +0200


Started GET "/assets/dashboard.js?body=1" for 127.0.0.1 at 2013-12-08 18:21:30 +0200


Started GET "/assets/home.js?body=1" for 127.0.0.1 at 2013-12-08 18:21:30 +0200


Started GET "/assets/application.js?body=1" for 127.0.0.1 at 2013-12-08 18:21:30 +0200


Started GET "/users/sign_up" for 127.0.0.1 at 2013-12-08 18:21:31 +0200
Processing by Devise::RegistrationsController#new as HTML
  Rendered /home/cristi/.gem/ruby/2.0.0/gems/devise-3.2.2/app/views/devise/shared/_links.erb (0.4ms)
  Rendered /home/cristi/.gem/ruby/2.0.0/gems/devise-3.2.2/app/views/devise/registrations/new.html.erb within layouts/application (3.8ms)
Completed 200 OK in 10ms (Views: 9.0ms | ActiveRecord: 0.0ms)


Started DELETE "/users/sign_out" for 127.0.0.1 at 2013-12-08 18:21:31 +0200
Processing by Devise::SessionsController#destroy as HTML
  Parameters: {"authenticity_token"=>"WElRsxZ5UX2vctUTAmMipibesPF7MWsiGfL/hPSbZ3Q="}
Redirected to http://localhost:3000/
Completed 302 Found in 3ms (ActiveRecord: 0.0ms)


Started GET "/" for 127.0.0.1 at 2013-12-08 18:21:31 +0200
Processing by HomeController#index as HTML
  Rendered home/index.html.erb within layouts/application (0.1ms)
Completed 200 OK in 5ms (Views: 4.8ms | ActiveRecord: 0.0ms)


Started GET "/assets/application.css?body=1" for 127.0.0.1 at 2013-12-08 18:21:31 +0200


Started GET "/assets/home.css?body=1" for 127.0.0.1 at 2013-12-08 18:21:31 +0200


Started GET "/assets/turbolinks.js?body=1" for 127.0.0.1 at 2013-12-08 18:21:31 +0200


Started GET "/assets/dashboard.css?body=1" for 127.0.0.1 at 2013-12-08 18:21:31 +0200


Started GET "/assets/jquery_ujs.js?body=1" for 127.0.0.1 at 2013-12-08 18:21:31 +0200


Started GET "/assets/jquery.js?body=1" for 127.0.0.1 at 2013-12-08 18:21:31 +0200


Started GET "/assets/dashboard.js?body=1" for 127.0.0.1 at 2013-12-08 18:21:31 +0200


Started GET "/assets/home.js?body=1" for 127.0.0.1 at 2013-12-08 18:21:31 +0200


Started GET "/assets/application.js?body=1" for 127.0.0.1 at 2013-12-08 18:21:32 +0200


Started GET "/static_pages/about" for 127.0.0.1 at 2013-12-08 18:21:32 +0200

ActionController::RoutingError (No route matches [GET] "/static_pages/about"):
  actionpack (4.0.2) lib/action_dispatch/middleware/debug_exceptions.rb:21:in `call'
  actionpack (4.0.2) lib/action_dispatch/middleware/show_exceptions.rb:30:in `call'
  railties (4.0.2) lib/rails/rack/logger.rb:38:in `call_app'
  railties (4.0.2) lib/rails/rack/logger.rb:20:in `block in call'
  activesupport (4.0.2) lib/active_support/tagged_logging.rb:67:in `block in tagged'
  activesupport (4.0.2) lib/active_support/tagged_logging.rb:25:in `tagged'
  activesupport (4.0.2) lib/active_support/tagged_logging.rb:67:in `tagged'
  railties (4.0.2) lib/rails/rack/logger.rb:20:in `call'
  actionpack (4.0.2) lib/action_dispatch/middleware/request_id.rb:21:in `call'
  rack (1.5.2) lib/rack/methodoverride.rb:21:in `call'
  rack (1.5.2) lib/rack/runtime.rb:17:in `call'
  activesupport (4.0.2) lib/active_support/cache/strategy/local_cache.rb:83:in `call'
  rack (1.5.2) lib/rack/lock.rb:17:in `call'
  actionpack (4.0.2) lib/action_dispatch/middleware/static.rb:64:in `call'
  rack (1.5.2) lib/rack/sendfile.rb:112:in `call'
  railties (4.0.2) lib/rails/engine.rb:511:in `call'
  railties (4.0.2) lib/rails/application.rb:97:in `call'
  rack (1.5.2) lib/rack/lock.rb:17:in `call'
  rack (1.5.2) lib/rack/content_length.rb:14:in `call'
  rack (1.5.2) lib/rack/handler/webrick.rb:60:in `service'
  /usr/lib64/ruby/2.0.0/webrick/httpserver.rb:138:in `service'
  /usr/lib64/ruby/2.0.0/webrick/httpserver.rb:94:in `run'
  /usr/lib64/ruby/2.0.0/webrick/server.rb:295:in `block in start_thread'


  Rendered /home/cristi/.gem/ruby/2.0.0/gems/actionpack-4.0.2/lib/action_dispatch/middleware/templates/rescues/_trace.erb (1.3ms)
  Rendered /home/cristi/.gem/ruby/2.0.0/gems/actionpack-4.0.2/lib/action_dispatch/middleware/templates/routes/_route.html.erb (2.9ms)
  Rendered /home/cristi/.gem/ruby/2.0.0/gems/actionpack-4.0.2/lib/action_dispatch/middleware/templates/routes/_table.html.erb (2.0ms)
  Rendered /home/cristi/.gem/ruby/2.0.0/gems/actionpack-4.0.2/lib/action_dispatch/middleware/templates/rescues/routing_error.erb within rescues/layout (26.8ms)


Started GET "/static_pages/about" for 127.0.0.1 at 2013-12-08 18:21:32 +0200

ActionController::RoutingError (No route matches [GET] "/static_pages/about"):
  actionpack (4.0.2) lib/action_dispatch/middleware/debug_exceptions.rb:21:in `call'
  actionpack (4.0.2) lib/action_dispatch/middleware/show_exceptions.rb:30:in `call'
  railties (4.0.2) lib/rails/rack/logger.rb:38:in `call_app'
  railties (4.0.2) lib/rails/rack/logger.rb:20:in `block in call'
  activesupport (4.0.2) lib/active_support/tagged_logging.rb:67:in `block in tagged'
  activesupport (4.0.2) lib/active_support/tagged_logging.rb:25:in `tagged'
  activesupport (4.0.2) lib/active_support/tagged_logging.rb:67:in `tagged'
  railties (4.0.2) lib/rails/rack/logger.rb:20:in `call'
  actionpack (4.0.2) lib/action_dispatch/middleware/request_id.rb:21:in `call'
  rack (1.5.2) lib/rack/methodoverride.rb:21:in `call'
  rack (1.5.2) lib/rack/runtime.rb:17:in `call'
  activesupport (4.0.2) lib/active_support/cache/strategy/local_cache.rb:83:in `call'
  rack (1.5.2) lib/rack/lock.rb:17:in `call'
  actionpack (4.0.2) lib/action_dispatch/middleware/static.rb:64:in `call'
  rack (1.5.2) lib/rack/sendfile.rb:112:in `call'
  railties (4.0.2) lib/rails/engine.rb:511:in `call'
  railties (4.0.2) lib/rails/application.rb:97:in `call'
  rack (1.5.2) lib/rack/lock.rb:17:in `call'
  rack (1.5.2) lib/rack/content_length.rb:14:in `call'
  rack (1.5.2) lib/rack/handler/webrick.rb:60:in `service'
  /usr/lib64/ruby/2.0.0/webrick/httpserver.rb:138:in `service'
  /usr/lib64/ruby/2.0.0/webrick/httpserver.rb:94:in `run'
  /usr/lib64/ruby/2.0.0/webrick/server.rb:295:in `block in start_thread'


  Rendered /home/cristi/.gem/ruby/2.0.0/gems/actionpack-4.0.2/lib/action_dispatch/middleware/templates/rescues/_trace.erb (1.2ms)
  Rendered /home/cristi/.gem/ruby/2.0.0/gems/actionpack-4.0.2/lib/action_dispatch/middleware/templates/routes/_route.html.erb (2.7ms)
  Rendered /home/cristi/.gem/ruby/2.0.0/gems/actionpack-4.0.2/lib/action_dispatch/middleware/templates/routes/_table.html.erb (1.2ms)
  Rendered /home/cristi/.gem/ruby/2.0.0/gems/actionpack-4.0.2/lib/action_dispatch/middleware/templates/rescues/routing_error.erb within rescues/layout (24.3ms)


Started GET "/static_pages/about" for 127.0.0.1 at 2013-12-08 18:21:35 +0200

ActionController::RoutingError (No route matches [GET] "/static_pages/about"):
  actionpack (4.0.2) lib/action_dispatch/middleware/debug_exceptions.rb:21:in `call'
  actionpack (4.0.2) lib/action_dispatch/middleware/show_exceptions.rb:30:in `call'
  railties (4.0.2) lib/rails/rack/logger.rb:38:in `call_app'
  railties (4.0.2) lib/rails/rack/logger.rb:20:in `block in call'
  activesupport (4.0.2) lib/active_support/tagged_logging.rb:67:in `block in tagged'
  activesupport (4.0.2) lib/active_support/tagged_logging.rb:25:in `tagged'
  activesupport (4.0.2) lib/active_support/tagged_logging.rb:67:in `tagged'
  railties (4.0.2) lib/rails/rack/logger.rb:20:in `call'
  actionpack (4.0.2) lib/action_dispatch/middleware/request_id.rb:21:in `call'
  rack (1.5.2) lib/rack/methodoverride.rb:21:in `call'
  rack (1.5.2) lib/rack/runtime.rb:17:in `call'
  activesupport (4.0.2) lib/active_support/cache/strategy/local_cache.rb:83:in `call'
  rack (1.5.2) lib/rack/lock.rb:17:in `call'
  actionpack (4.0.2) lib/action_dispatch/middleware/static.rb:64:in `call'
  rack (1.5.2) lib/rack/sendfile.rb:112:in `call'
  railties (4.0.2) lib/rails/engine.rb:511:in `call'
  railties (4.0.2) lib/rails/application.rb:97:in `call'
  rack (1.5.2) lib/rack/lock.rb:17:in `call'
  rack (1.5.2) lib/rack/content_length.rb:14:in `call'
  rack (1.5.2) lib/rack/handler/webrick.rb:60:in `service'
  /usr/lib64/ruby/2.0.0/webrick/httpserver.rb:138:in `service'
  /usr/lib64/ruby/2.0.0/webrick/httpserver.rb:94:in `run'
  /usr/lib64/ruby/2.0.0/webrick/server.rb:295:in `block in start_thread'


  Rendered /home/cristi/.gem/ruby/2.0.0/gems/actionpack-4.0.2/lib/action_dispatch/middleware/templates/rescues/_trace.erb (1.1ms)
  Rendered /home/cristi/.gem/ruby/2.0.0/gems/actionpack-4.0.2/lib/action_dispatch/middleware/templates/routes/_route.html.erb (2.8ms)
  Rendered /home/cristi/.gem/ruby/2.0.0/gems/actionpack-4.0.2/lib/action_dispatch/middleware/templates/routes/_table.html.erb (1.3ms)
  Rendered /home/cristi/.gem/ruby/2.0.0/gems/actionpack-4.0.2/lib/action_dispatch/middleware/templates/rescues/routing_error.erb within rescues/layout (24.7ms)


Started GET "/static_pages/about" for 127.0.0.1 at 2013-12-08 18:21:35 +0200

ActionController::RoutingError (No route matches [GET] "/static_pages/about"):
  actionpack (4.0.2) lib/action_dispatch/middleware/debug_exceptions.rb:21:in `call'
  actionpack (4.0.2) lib/action_dispatch/middleware/show_exceptions.rb:30:in `call'
  railties (4.0.2) lib/rails/rack/logger.rb:38:in `call_app'
  railties (4.0.2) lib/rails/rack/logger.rb:20:in `block in call'
  activesupport (4.0.2) lib/active_support/tagged_logging.rb:67:in `block in tagged'
  activesupport (4.0.2) lib/active_support/tagged_logging.rb:25:in `tagged'
  activesupport (4.0.2) lib/active_support/tagged_logging.rb:67:in `tagged'
  railties (4.0.2) lib/rails/rack/logger.rb:20:in `call'
  actionpack (4.0.2) lib/action_dispatch/middleware/request_id.rb:21:in `call'
  rack (1.5.2) lib/rack/methodoverride.rb:21:in `call'
  rack (1.5.2) lib/rack/runtime.rb:17:in `call'
  activesupport (4.0.2) lib/active_support/cache/strategy/local_cache.rb:83:in `call'
  rack (1.5.2) lib/rack/lock.rb:17:in `call'
  actionpack (4.0.2) lib/action_dispatch/middleware/static.rb:64:in `call'
  rack (1.5.2) lib/rack/sendfile.rb:112:in `call'
  railties (4.0.2) lib/rails/engine.rb:511:in `call'
  railties (4.0.2) lib/rails/application.rb:97:in `call'
  rack (1.5.2) lib/rack/lock.rb:17:in `call'
  rack (1.5.2) lib/rack/content_length.rb:14:in `call'
  rack (1.5.2) lib/rack/handler/webrick.rb:60:in `service'
  /usr/lib64/ruby/2.0.0/webrick/httpserver.rb:138:in `service'
  /usr/lib64/ruby/2.0.0/webrick/httpserver.rb:94:in `run'
  /usr/lib64/ruby/2.0.0/webrick/server.rb:295:in `block in start_thread'


  Rendered /home/cristi/.gem/ruby/2.0.0/gems/actionpack-4.0.2/lib/action_dispatch/middleware/templates/rescues/_trace.erb (1.2ms)
  Rendered /home/cristi/.gem/ruby/2.0.0/gems/actionpack-4.0.2/lib/action_dispatch/middleware/templates/routes/_route.html.erb (2.8ms)
  Rendered /home/cristi/.gem/ruby/2.0.0/gems/actionpack-4.0.2/lib/action_dispatch/middleware/templates/routes/_table.html.erb (1.3ms)
  Rendered /home/cristi/.gem/ruby/2.0.0/gems/actionpack-4.0.2/lib/action_dispatch/middleware/templates/rescues/routing_error.erb within rescues/layout (24.8ms)


Started GET "/" for 127.0.0.1 at 2013-12-08 18:24:31 +0200
Processing by HomeController#index as HTML
  Rendered home/index.html.erb within layouts/application (0.1ms)
Completed 200 OK in 7ms (Views: 5.9ms | ActiveRecord: 0.0ms)


Started GET "/assets/application.css?body=1" for 127.0.0.1 at 2013-12-08 18:24:31 +0200


Started GET "/assets/home.css?body=1" for 127.0.0.1 at 2013-12-08 18:24:31 +0200


Started GET "/assets/dashboard.css?body=1" for 127.0.0.1 at 2013-12-08 18:24:31 +0200


Started GET "/assets/jquery.js?body=1" for 127.0.0.1 at 2013-12-08 18:24:31 +0200


Started GET "/assets/turbolinks.js?body=1" for 127.0.0.1 at 2013-12-08 18:24:31 +0200


Started GET "/assets/jquery_ujs.js?body=1" for 127.0.0.1 at 2013-12-08 18:24:31 +0200


Started GET "/assets/dashboard.js?body=1" for 127.0.0.1 at 2013-12-08 18:24:31 +0200


Started GET "/assets/home.js?body=1" for 127.0.0.1 at 2013-12-08 18:24:31 +0200


Started GET "/assets/application.js?body=1" for 127.0.0.1 at 2013-12-08 18:24:31 +0200


Started GET "/" for 127.0.0.1 at 2013-12-08 18:24:32 +0200
Processing by HomeController#index as HTML
  Rendered home/index.html.erb within layouts/application (0.1ms)
Completed 200 OK in 5ms (Views: 4.6ms | ActiveRecord: 0.0ms)


Started GET "/assets/application.css?body=1" for 127.0.0.1 at 2013-12-08 18:24:32 +0200


Started GET "/assets/dashboard.css?body=1" for 127.0.0.1 at 2013-12-08 18:24:32 +0200


Started GET "/assets/turbolinks.js?body=1" for 127.0.0.1 at 2013-12-08 18:24:32 +0200


Started GET "/assets/jquery.js?body=1" for 127.0.0.1 at 2013-12-08 18:24:32 +0200


Started GET "/assets/home.css?body=1" for 127.0.0.1 at 2013-12-08 18:24:32 +0200


Started GET "/assets/jquery_ujs.js?body=1" for 127.0.0.1 at 2013-12-08 18:24:32 +0200


Started GET "/assets/dashboard.js?body=1" for 127.0.0.1 at 2013-12-08 18:24:32 +0200


Started GET "/assets/home.js?body=1" for 127.0.0.1 at 2013-12-08 18:24:32 +0200


Started GET "/assets/application.js?body=1" for 127.0.0.1 at 2013-12-08 18:24:32 +0200


Started GET "/dashboard" for 127.0.0.1 at 2013-12-08 18:24:33 +0200
Processing by DashboardController#index as HTML
  Rendered dashboard/index.html.erb within layouts/application (0.4ms)
Completed 200 OK in 8ms (Views: 6.5ms | ActiveRecord: 0.0ms)


Started GET "/users/sign_up" for 127.0.0.1 at 2013-12-08 18:24:34 +0200
Processing by Devise::RegistrationsController#new as HTML
  Rendered /home/cristi/.gem/ruby/2.0.0/gems/devise-3.2.2/app/views/devise/shared/_links.erb (0.4ms)
  Rendered /home/cristi/.gem/ruby/2.0.0/gems/devise-3.2.2/app/views/devise/registrations/new.html.erb within layouts/application (4.0ms)
Completed 200 OK in 11ms (Views: 9.5ms | ActiveRecord: 0.0ms)


Started GET "/users/sign_up" for 127.0.0.1 at 2013-12-08 18:24:39 +0200
Processing by Devise::RegistrationsController#new as HTML
  Rendered /home/cristi/.gem/ruby/2.0.0/gems/devise-3.2.2/app/views/devise/shared/_links.erb (0.3ms)
  Rendered /home/cristi/.gem/ruby/2.0.0/gems/devise-3.2.2/app/views/devise/registrations/new.html.erb within layouts/application (3.2ms)
Completed 200 OK in 9ms (Views: 8.4ms | ActiveRecord: 0.0ms)


Started DELETE "/users/sign_out" for 127.0.0.1 at 2013-12-08 18:24:40 +0200
Processing by Devise::SessionsController#destroy as HTML
  Parameters: {"authenticity_token"=>"krwhyBR7+dcNgJ/LYzdiO6QGBuV3Y9NnJwZbbX+0kGI="}
Redirected to http://localhost:3000/
Completed 302 Found in 4ms (ActiveRecord: 0.0ms)


Started GET "/" for 127.0.0.1 at 2013-12-08 18:24:40 +0200
Processing by HomeController#index as HTML
  Rendered home/index.html.erb within layouts/application (0.1ms)
Completed 200 OK in 6ms (Views: 5.1ms | ActiveRecord: 0.0ms)


Started GET "/assets/application.css?body=1" for 127.0.0.1 at 2013-12-08 18:24:40 +0200


Started GET "/assets/jquery_ujs.js?body=1" for 127.0.0.1 at 2013-12-08 18:24:40 +0200


Started GET "/assets/home.css?body=1" for 127.0.0.1 at 2013-12-08 18:24:40 +0200


Started GET "/assets/jquery.js?body=1" for 127.0.0.1 at 2013-12-08 18:24:40 +0200


Started GET "/assets/dashboard.css?body=1" for 127.0.0.1 at 2013-12-08 18:24:40 +0200


Started GET "/assets/turbolinks.js?body=1" for 127.0.0.1 at 2013-12-08 18:24:40 +0200


Started GET "/assets/dashboard.js?body=1" for 127.0.0.1 at 2013-12-08 18:24:40 +0200


Started GET "/assets/home.js?body=1" for 127.0.0.1 at 2013-12-08 18:24:40 +0200


Started GET "/assets/application.js?body=1" for 127.0.0.1 at 2013-12-08 18:24:40 +0200


Started GET "/users/sign_up" for 127.0.0.1 at 2013-12-08 18:24:41 +0200
Processing by Devise::RegistrationsController#new as HTML
  Rendered /home/cristi/.gem/ruby/2.0.0/gems/devise-3.2.2/app/views/devise/shared/_links.erb (0.4ms)
  Rendered /home/cristi/.gem/ruby/2.0.0/gems/devise-3.2.2/app/views/devise/registrations/new.html.erb within layouts/application (3.7ms)
Completed 200 OK in 10ms (Views: 8.8ms | ActiveRecord: 0.0ms)


Started GET "/users/sign_up" for 127.0.0.1 at 2013-12-08 18:24:43 +0200
Processing by Devise::RegistrationsController#new as HTML
  Rendered /home/cristi/.gem/ruby/2.0.0/gems/devise-3.2.2/app/views/devise/shared/_links.erb (0.3ms)
  Rendered /home/cristi/.gem/ruby/2.0.0/gems/devise-3.2.2/app/views/devise/registrations/new.html.erb within layouts/application (3.1ms)
Completed 200 OK in 9ms (Views: 7.8ms | ActiveRecord: 0.0ms)


Started POST "/users" for 127.0.0.1 at 2013-12-08 18:24:47 +0200
Processing by Devise::RegistrationsController#create as HTML
  Parameters: {"utf8"=>"✓", "authenticity_token"=>"8YVdIoR7fpPC9Ha/9ly2qGYpz5b5fhVORLnfs7fyduw=", "user"=>{"email"=>"", "password"=>"[FILTERED]", "password_confirmation"=>"[FILTERED]"}, "commit"=>"Sign up"}
  [1m[35m (0.1ms)[0m  begin transaction
  [1m[36m (0.1ms)[0m  [1mrollback transaction[0m
  Rendered /home/cristi/.gem/ruby/2.0.0/gems/devise-3.2.2/app/views/devise/shared/_links.erb (0.4ms)
  Rendered /home/cristi/.gem/ruby/2.0.0/gems/devise-3.2.2/app/views/devise/registrations/new.html.erb within layouts/application (5.4ms)
Completed 200 OK in 20ms (Views: 10.6ms | ActiveRecord: 0.2ms)


Started GET "/assets/application.css?body=1" for 127.0.0.1 at 2013-12-08 18:24:48 +0200


Started GET "/assets/dashboard.css?body=1" for 127.0.0.1 at 2013-12-08 18:24:48 +0200


Started GET "/assets/jquery.js?body=1" for 127.0.0.1 at 2013-12-08 18:24:48 +0200


Started GET "/assets/turbolinks.js?body=1" for 127.0.0.1 at 2013-12-08 18:24:48 +0200


Started GET "/assets/home.css?body=1" for 127.0.0.1 at 2013-12-08 18:24:48 +0200


Started GET "/assets/jquery_ujs.js?body=1" for 127.0.0.1 at 2013-12-08 18:24:48 +0200


Started GET "/assets/dashboard.js?body=1" for 127.0.0.1 at 2013-12-08 18:24:48 +0200


Started GET "/assets/home.js?body=1" for 127.0.0.1 at 2013-12-08 18:24:48 +0200


Started GET "/assets/application.js?body=1" for 127.0.0.1 at 2013-12-08 18:24:48 +0200


Started POST "/users" for 127.0.0.1 at 2013-12-08 18:24:53 +0200
Processing by Devise::RegistrationsController#create as HTML
  Parameters: {"utf8"=>"✓", "authenticity_token"=>"8YVdIoR7fpPC9Ha/9ly2qGYpz5b5fhVORLnfs7fyduw=", "user"=>{"email"=>"", "password"=>"[FILTERED]", "password_confirmation"=>"[FILTERED]"}, "commit"=>"Sign up"}
  [1m[35m (0.1ms)[0m  begin transaction
  [1m[36m (0.1ms)[0m  [1mrollback transaction[0m
  Rendered /home/cristi/.gem/ruby/2.0.0/gems/devise-3.2.2/app/views/devise/shared/_links.erb (0.3ms)
  Rendered /home/cristi/.gem/ruby/2.0.0/gems/devise-3.2.2/app/views/devise/registrations/new.html.erb within layouts/application (4.3ms)
Completed 200 OK in 15ms (Views: 8.9ms | ActiveRecord: 0.2ms)


Started GET "/assets/application.css?body=1" for 127.0.0.1 at 2013-12-08 18:24:53 +0200


Started GET "/assets/dashboard.css?body=1" for 127.0.0.1 at 2013-12-08 18:24:53 +0200


Started GET "/assets/jquery.js?body=1" for 127.0.0.1 at 2013-12-08 18:24:53 +0200


Started GET "/assets/turbolinks.js?body=1" for 127.0.0.1 at 2013-12-08 18:24:53 +0200


Started GET "/assets/jquery_ujs.js?body=1" for 127.0.0.1 at 2013-12-08 18:24:53 +0200


Started GET "/assets/home.css?body=1" for 127.0.0.1 at 2013-12-08 18:24:53 +0200


Started GET "/assets/dashboard.js?body=1" for 127.0.0.1 at 2013-12-08 18:24:53 +0200


Started GET "/assets/home.js?body=1" for 127.0.0.1 at 2013-12-08 18:24:53 +0200


Started GET "/assets/application.js?body=1" for 127.0.0.1 at 2013-12-08 18:24:53 +0200


Started GET "/users/sign_up" for 127.0.0.1 at 2013-12-08 18:24:55 +0200
Processing by Devise::RegistrationsController#new as HTML
  Rendered /home/cristi/.gem/ruby/2.0.0/gems/devise-3.2.2/app/views/devise/shared/_links.erb (0.3ms)
  Rendered /home/cristi/.gem/ruby/2.0.0/gems/devise-3.2.2/app/views/devise/registrations/new.html.erb within layouts/application (3.1ms)
Completed 200 OK in 9ms (Views: 8.0ms | ActiveRecord: 0.0ms)


Started GET "/assets/application.css?body=1" for 127.0.0.1 at 2013-12-08 18:24:56 +0200


Started GET "/assets/jquery.js?body=1" for 127.0.0.1 at 2013-12-08 18:24:56 +0200


Started GET "/assets/home.css?body=1" for 127.0.0.1 at 2013-12-08 18:24:56 +0200


Started GET "/assets/dashboard.css?body=1" for 127.0.0.1 at 2013-12-08 18:24:56 +0200


Started GET "/assets/jquery_ujs.js?body=1" for 127.0.0.1 at 2013-12-08 18:24:56 +0200


Started GET "/assets/turbolinks.js?body=1" for 127.0.0.1 at 2013-12-08 18:24:56 +0200


Started GET "/assets/dashboard.js?body=1" for 127.0.0.1 at 2013-12-08 18:24:56 +0200


Started GET "/assets/home.js?body=1" for 127.0.0.1 at 2013-12-08 18:24:56 +0200


Started GET "/assets/application.js?body=1" for 127.0.0.1 at 2013-12-08 18:24:56 +0200


Started GET "/users/sign_up" for 127.0.0.1 at 2013-12-08 18:24:59 +0200
Processing by Devise::RegistrationsController#new as HTML
  Rendered /home/cristi/.gem/ruby/2.0.0/gems/devise-3.2.2/app/views/devise/shared/_links.erb (0.3ms)
  Rendered /home/cristi/.gem/ruby/2.0.0/gems/devise-3.2.2/app/views/devise/registrations/new.html.erb within layouts/application (2.9ms)
Completed 200 OK in 9ms (Views: 7.6ms | ActiveRecord: 0.0ms)


Started GET "/users/sign_up" for 127.0.0.1 at 2013-12-08 18:24:59 +0200
Processing by Devise::RegistrationsController#new as HTML
  Rendered /home/cristi/.gem/ruby/2.0.0/gems/devise-3.2.2/app/views/devise/shared/_links.erb (0.3ms)
  Rendered /home/cristi/.gem/ruby/2.0.0/gems/devise-3.2.2/app/views/devise/registrations/new.html.erb within layouts/application (3.0ms)
Completed 200 OK in 9ms (Views: 8.0ms | ActiveRecord: 0.0ms)


Started GET "/users/sign_up" for 127.0.0.1 at 2013-12-08 18:25:01 +0200
Processing by Devise::RegistrationsController#new as HTML
  Rendered /home/cristi/.gem/ruby/2.0.0/gems/devise-3.2.2/app/views/devise/shared/_links.erb (0.3ms)
  Rendered /home/cristi/.gem/ruby/2.0.0/gems/devise-3.2.2/app/views/devise/registrations/new.html.erb within layouts/application (3.1ms)
Completed 200 OK in 9ms (Views: 7.8ms | ActiveRecord: 0.0ms)


Started GET "/dashboard" for 127.0.0.1 at 2013-12-08 18:25:02 +0200
Processing by DashboardController#index as HTML
  Rendered dashboard/index.html.erb within layouts/application (0.1ms)
Completed 200 OK in 6ms (Views: 4.9ms | ActiveRecord: 0.0ms)


Started GET "/users/sign_up" for 127.0.0.1 at 2013-12-08 18:25:03 +0200
Processing by Devise::RegistrationsController#new as HTML
  Rendered /home/cristi/.gem/ruby/2.0.0/gems/devise-3.2.2/app/views/devise/shared/_links.erb (0.3ms)
  Rendered /home/cristi/.gem/ruby/2.0.0/gems/devise-3.2.2/app/views/devise/registrations/new.html.erb within layouts/application (3.3ms)
Completed 200 OK in 10ms (Views: 8.7ms | ActiveRecord: 0.0ms)


Started POST "/users" for 127.0.0.1 at 2013-12-08 18:25:06 +0200
Processing by Devise::RegistrationsController#create as HTML
  Parameters: {"utf8"=>"✓", "authenticity_token"=>"8YVdIoR7fpPC9Ha/9ly2qGYpz5b5fhVORLnfs7fyduw=", "user"=>{"email"=>"", "password"=>"[FILTERED]", "password_confirmation"=>"[FILTERED]"}, "commit"=>"Sign up"}
  [1m[35m (0.1ms)[0m  begin transaction
  [1m[36m (0.1ms)[0m  [1mrollback transaction[0m
  Rendered /home/cristi/.gem/ruby/2.0.0/gems/devise-3.2.2/app/views/devise/shared/_links.erb (0.3ms)
  Rendered /home/cristi/.gem/ruby/2.0.0/gems/devise-3.2.2/app/views/devise/registrations/new.html.erb within layouts/application (4.3ms)
Completed 200 OK in 14ms (Views: 9.0ms | ActiveRecord: 0.2ms)


Started GET "/assets/application.css?body=1" for 127.0.0.1 at 2013-12-08 18:25:07 +0200


Started GET "/assets/turbolinks.js?body=1" for 127.0.0.1 at 2013-12-08 18:25:07 +0200


Started GET "/assets/jquery.js?body=1" for 127.0.0.1 at 2013-12-08 18:25:07 +0200


Started GET "/assets/home.css?body=1" for 127.0.0.1 at 2013-12-08 18:25:07 +0200


Started GET "/assets/dashboard.css?body=1" for 127.0.0.1 at 2013-12-08 18:25:07 +0200


Started GET "/assets/jquery_ujs.js?body=1" for 127.0.0.1 at 2013-12-08 18:25:07 +0200


Started GET "/assets/dashboard.js?body=1" for 127.0.0.1 at 2013-12-08 18:25:07 +0200


Started GET "/assets/home.js?body=1" for 127.0.0.1 at 2013-12-08 18:25:07 +0200


Started GET "/assets/application.js?body=1" for 127.0.0.1 at 2013-12-08 18:25:07 +0200


Started GET "/" for 127.0.0.1 at 2013-12-08 18:25:18 +0200
Processing by HomeController#index as HTML
  Rendered home/index.html.erb within layouts/application (0.1ms)
Completed 200 OK in 5ms (Views: 4.7ms | ActiveRecord: 0.0ms)


Started GET "/assets/jquery.js?body=1" for 127.0.0.1 at 2013-12-08 18:25:18 +0200


Started GET "/assets/jquery_ujs.js?body=1" for 127.0.0.1 at 2013-12-08 18:25:18 +0200


Started GET "/assets/home.css?body=1" for 127.0.0.1 at 2013-12-08 18:25:18 +0200


Started GET "/assets/turbolinks.js?body=1" for 127.0.0.1 at 2013-12-08 18:25:18 +0200


Started GET "/assets/dashboard.css?body=1" for 127.0.0.1 at 2013-12-08 18:25:18 +0200


Started GET "/assets/application.css?body=1" for 127.0.0.1 at 2013-12-08 18:25:18 +0200


Started GET "/assets/home.js?body=1" for 127.0.0.1 at 2013-12-08 18:25:18 +0200


Started GET "/assets/dashboard.js?body=1" for 127.0.0.1 at 2013-12-08 18:25:18 +0200


Started GET "/assets/application.js?body=1" for 127.0.0.1 at 2013-12-08 18:25:18 +0200


Started GET "/dashboard" for 127.0.0.1 at 2013-12-08 18:25:19 +0200
Processing by DashboardController#index as HTML
  Rendered dashboard/index.html.erb within layouts/application (0.0ms)
Completed 200 OK in 5ms (Views: 4.7ms | ActiveRecord: 0.0ms)


Started GET "/users/sign_up" for 127.0.0.1 at 2013-12-08 18:25:20 +0200
Processing by Devise::RegistrationsController#new as HTML
  Rendered /home/cristi/.gem/ruby/2.0.0/gems/devise-3.2.2/app/views/devise/shared/_links.erb (0.3ms)
  Rendered /home/cristi/.gem/ruby/2.0.0/gems/devise-3.2.2/app/views/devise/registrations/new.html.erb within layouts/application (3.2ms)
Completed 200 OK in 9ms (Views: 8.5ms | ActiveRecord: 0.0ms)


Started DELETE "/users/sign_out" for 127.0.0.1 at 2013-12-08 18:25:20 +0200
Processing by Devise::SessionsController#destroy as HTML
  Parameters: {"authenticity_token"=>"8YVdIoR7fpPC9Ha/9ly2qGYpz5b5fhVORLnfs7fyduw="}
Redirected to http://localhost:3000/
Completed 302 Found in 4ms (ActiveRecord: 0.0ms)


Started GET "/" for 127.0.0.1 at 2013-12-08 18:25:20 +0200
Processing by HomeController#index as HTML
  Rendered home/index.html.erb within layouts/application (0.1ms)
Completed 200 OK in 5ms (Views: 4.5ms | ActiveRecord: 0.0ms)


Started GET "/assets/dashboard.css?body=1" for 127.0.0.1 at 2013-12-08 18:25:20 +0200


Started GET "/assets/home.css?body=1" for 127.0.0.1 at 2013-12-08 18:25:20 +0200


Started GET "/assets/application.css?body=1" for 127.0.0.1 at 2013-12-08 18:25:20 +0200


Started GET "/assets/jquery.js?body=1" for 127.0.0.1 at 2013-12-08 18:25:20 +0200


Started GET "/assets/turbolinks.js?body=1" for 127.0.0.1 at 2013-12-08 18:25:20 +0200


Started GET "/assets/dashboard.js?body=1" for 127.0.0.1 at 2013-12-08 18:25:20 +0200


Started GET "/assets/jquery_ujs.js?body=1" for 127.0.0.1 at 2013-12-08 18:25:20 +0200


Started GET "/assets/home.js?body=1" for 127.0.0.1 at 2013-12-08 18:25:20 +0200


Started GET "/assets/application.js?body=1" for 127.0.0.1 at 2013-12-08 18:25:20 +0200


Started GET "/" for 127.0.0.1 at 2013-12-08 18:25:22 +0200
Processing by HomeController#index as HTML
  Rendered home/index.html.erb within layouts/application (0.1ms)
Completed 200 OK in 5ms (Views: 4.6ms | ActiveRecord: 0.0ms)


Started GET "/" for 127.0.0.1 at 2013-12-08 18:26:34 +0200
Processing by HomeController#index as HTML
  Rendered home/index.html.erb within layouts/application (0.0ms)
Completed 200 OK in 6ms (Views: 5.5ms | ActiveRecord: 0.0ms)


Started GET "/dashboard" for 127.0.0.1 at 2013-12-08 18:26:35 +0200
Processing by DashboardController#index as HTML
  Rendered dashboard/index.html.erb within layouts/application (0.1ms)
Completed 200 OK in 6ms (Views: 5.4ms | ActiveRecord: 0.0ms)


Started GET "/" for 127.0.0.1 at 2013-12-08 18:26:35 +0200
Processing by HomeController#index as HTML
  Rendered home/index.html.erb within layouts/application (0.1ms)
Completed 200 OK in 6ms (Views: 5.0ms | ActiveRecord: 0.0ms)


Started GET "/assets/application.css?body=1" for 127.0.0.1 at 2013-12-08 18:26:35 +0200


Started GET "/assets/dashboard.css?body=1" for 127.0.0.1 at 2013-12-08 18:26:35 +0200


Started GET "/assets/home.css?body=1" for 127.0.0.1 at 2013-12-08 18:26:35 +0200


Started GET "/assets/jquery_ujs.js?body=1" for 127.0.0.1 at 2013-12-08 18:26:35 +0200


Started GET "/assets/turbolinks.js?body=1" for 127.0.0.1 at 2013-12-08 18:26:35 +0200


Started GET "/assets/jquery.js?body=1" for 127.0.0.1 at 2013-12-08 18:26:35 +0200


Started GET "/assets/dashboard.js?body=1" for 127.0.0.1 at 2013-12-08 18:26:35 +0200


Started GET "/assets/home.js?body=1" for 127.0.0.1 at 2013-12-08 18:26:35 +0200


Started GET "/assets/application.js?body=1" for 127.0.0.1 at 2013-12-08 18:26:35 +0200


Started GET "/users/sign_up" for 127.0.0.1 at 2013-12-08 18:26:35 +0200
Processing by Devise::RegistrationsController#new as HTML
  Rendered /home/cristi/.gem/ruby/2.0.0/gems/devise-3.2.2/app/views/devise/shared/_links.erb (0.4ms)
  Rendered /home/cristi/.gem/ruby/2.0.0/gems/devise-3.2.2/app/views/devise/registrations/new.html.erb within layouts/application (3.9ms)
Completed 200 OK in 11ms (Views: 9.3ms | ActiveRecord: 0.0ms)


Started DELETE "/users/sign_out" for 127.0.0.1 at 2013-12-08 18:26:36 +0200
Processing by Devise::SessionsController#destroy as HTML
  Parameters: {"authenticity_token"=>"RiV5QjhTxxxJNIC9EqiSRUzvukA8xOp/Y9uOia3I8oY="}
Redirected to http://localhost:3000/
Completed 302 Found in 47ms (ActiveRecord: 0.0ms)


Started GET "/" for 127.0.0.1 at 2013-12-08 18:26:36 +0200
Processing by HomeController#index as HTML
  Rendered home/index.html.erb within layouts/application (0.1ms)
Completed 200 OK in 6ms (Views: 5.0ms | ActiveRecord: 0.0ms)


Started GET "/assets/application.css?body=1" for 127.0.0.1 at 2013-12-08 18:26:36 +0200


Started GET "/assets/dashboard.css?body=1" for 127.0.0.1 at 2013-12-08 18:26:36 +0200


Started GET "/assets/home.css?body=1" for 127.0.0.1 at 2013-12-08 18:26:36 +0200


Started GET "/assets/jquery_ujs.js?body=1" for 127.0.0.1 at 2013-12-08 18:26:36 +0200


Started GET "/assets/turbolinks.js?body=1" for 127.0.0.1 at 2013-12-08 18:26:36 +0200


Started GET "/assets/jquery.js?body=1" for 127.0.0.1 at 2013-12-08 18:26:36 +0200


Started GET "/assets/dashboard.js?body=1" for 127.0.0.1 at 2013-12-08 18:26:36 +0200


Started GET "/assets/home.js?body=1" for 127.0.0.1 at 2013-12-08 18:26:36 +0200


Started GET "/assets/application.js?body=1" for 127.0.0.1 at 2013-12-08 18:26:36 +0200


Started GET "/dashboard" for 127.0.0.1 at 2013-12-08 18:26:37 +0200
Processing by DashboardController#index as HTML
  Rendered dashboard/index.html.erb within layouts/application (0.1ms)
Completed 200 OK in 6ms (Views: 4.9ms | ActiveRecord: 0.0ms)


Started GET "/" for 127.0.0.1 at 2013-12-08 18:26:38 +0200
Processing by HomeController#index as HTML
  Rendered home/index.html.erb within layouts/application (0.1ms)
Completed 200 OK in 6ms (Views: 5.0ms | ActiveRecord: 0.0ms)
